<?xml version="1.0" encoding="UTF-8"?>
<!-- Generated by org.testng.reporters.JUnitXMLReporter -->
<testsuite hostname="POPTesting-PC" name="Test" tests="13" failures="0" timestamp="13 May 2016 11:21:36 GMT" time="1.382" errors="0">
  <testcase name="@BeforeTest setUp" time="0.0" classname="com.pca.test.Appflow">
    <failure type="com.experitest.client.InternalException" message="Connectivity Exception, verify studio is open and the right port is been used">
      <![CDATA[com.experitest.client.InternalException: Connectivity Exception, verify studio is open and the right port is been used
	at com.experitest.client.Client.execute(Client.java:161)
	at com.experitest.client.Client.setProjectBaseDirectory(Client.java:1586)
	at com.pca.test.Appflow.setUp(Unknown Source)
Caused by: org.apache.xmlrpc.XmlRpcException: Failed to read server's response: Connection refused: connect
	at org.apache.xmlrpc.client.XmlRpcStreamTransport.sendRequest(XmlRpcStreamTransport.java:161)
	at org.apache.xmlrpc.client.XmlRpcHttpTransport.sendRequest(XmlRpcHttpTransport.java:115)
	at org.apache.xmlrpc.client.XmlRpcSunHttpTransport.sendRequest(XmlRpcSunHttpTransport.java:69)
	at org.apache.xmlrpc.client.XmlRpcClientWorker.execute(XmlRpcClientWorker.java:56)
	at org.apache.xmlrpc.client.XmlRpcClient.execute(XmlRpcClient.java:167)
	at org.apache.xmlrpc.client.XmlRpcClient.execute(XmlRpcClient.java:137)
	at org.apache.xmlrpc.client.XmlRpcClient.execute(XmlRpcClient.java:126)
	at com.experitest.client.Client.execute(Client.java:158)
	... 23 more
Caused by: java.net.ConnectException: Connection refused: connect
	at java.net.DualStackPlainSocketImpl.connect0(Native Method)
	at java.net.DualStackPlainSocketImpl.socketConnect(DualStackPlainSocketImpl.java:79)
	at java.net.AbstractPlainSocketImpl.doConnect(AbstractPlainSocketImpl.java:339)
	at java.net.AbstractPlainSocketImpl.connectToAddress(AbstractPlainSocketImpl.java:200)
	at java.net.AbstractPlainSocketImpl.connect(AbstractPlainSocketImpl.java:182)
	at java.net.PlainSocketImpl.connect(PlainSocketImpl.java:172)
	at java.net.SocksSocketImpl.connect(SocksSocketImpl.java:392)
	at java.net.Socket.connect(Socket.java:579)
	at java.net.Socket.connect(Socket.java:528)
	at sun.net.NetworkClient.doConnect(NetworkClient.java:180)
	at sun.net.www.http.HttpClient.openServer(HttpClient.java:432)
	at sun.net.www.http.HttpClient.openServer(HttpClient.java:527)
	at sun.net.www.http.HttpClient.<init>(HttpClient.java:211)
	at sun.net.www.http.HttpClient.New(HttpClient.java:308)
	at sun.net.www.http.HttpClient.New(HttpClient.java:326)
	at sun.net.www.protocol.http.HttpURLConnection.getNewHttpClient(HttpURLConnection.java:996)
	at sun.net.www.protocol.http.HttpURLConnection.plainConnect(HttpURLConnection.java:932)
	at sun.net.www.protocol.http.HttpURLConnection.connect(HttpURLConnection.java:850)
	at sun.net.www.protocol.http.HttpURLConnection.getOutputStream(HttpURLConnection.java:1091)
	at org.apache.xmlrpc.client.XmlRpcSunHttpTransport.writeRequest(XmlRpcSunHttpTransport.java:104)
	at org.apache.xmlrpc.client.XmlRpcStreamTransport.sendRequest(XmlRpcStreamTransport.java:151)
	... 30 more
... Removed 21 stack frames]]>
    </failure>
  </testcase> <!-- @BeforeTest setUp -->
  <testcase name="@AfterTest tearDown" time="0.0" classname="com.pca.test.Appflow">
    <skipped/>
  </testcase> <!-- @AfterTest tearDown -->
  <testcase name="logIn" time="0.0" classname="com.pca.test.Appflow">
    <skipped/>
  </testcase> <!-- logIn -->
  <testcase name="newIncident" time="0.0" classname="com.pca.test.Appflow">
    <skipped/>
  </testcase> <!-- newIncident -->
  <testcase name="AddPCR" time="0.001" classname="com.pca.test.Appflow">
    <skipped/>
  </testcase> <!-- AddPCR -->
  <testcase name="Dispatch" time="0.0" classname="com.pca.test.Appflow">
    <skipped/>
  </testcase> <!-- Dispatch -->
  <testcase name="DispatchIncident" time="0.0" classname="com.pca.test.Appflow">
    <skipped/>
  </testcase> <!-- DispatchIncident -->
  <testcase name="DispatchLocation" time="0.001" classname="com.pca.test.Appflow">
    <skipped/>
  </testcase> <!-- DispatchLocation -->
  <testcase name="ReasonForCall" time="0.0" classname="com.pca.test.Appflow">
    <skipped/>
  </testcase> <!-- ReasonForCall -->
  <testcase name="Disposition" time="0.0" classname="com.pca.test.Appflow">
    <skipped/>
  </testcase> <!-- Disposition -->
  <testcase name="Patient" time="0.0" classname="com.pca.test.Appflow">
    <skipped/>
  </testcase> <!-- Patient -->
  <testcase name="Assessment" time="0.0" classname="com.pca.test.Appflow">
    <skipped/>
  </testcase> <!-- Assessment -->
  <testcase name="Park" time="0.001" classname="com.pca.test.Appflow">
    <skipped/>
  </testcase> <!-- Park -->
  <testcase name="Logout" time="0.0" classname="com.pca.test.Appflow">
    <skipped/>
  </testcase> <!-- Logout -->
  <testcase name="SuperlogIn" time="0.0" classname="com.pca.test.Appflow">
    <skipped/>
  </testcase> <!-- SuperlogIn -->
</testsuite> <!-- Test -->
