<?xml version="1.0" encoding="UTF-8"?>
<testng-results skipped="1" failed="0" total="1" passed="0">
  <reporter-output>
  </reporter-output>
  <suite name="Default suite" duration-ms="62" started-at="2016-05-11T09:30:52Z" finished-at="2016-05-11T09:30:52Z">
    <groups>
    </groups>
    <test name="Default test" duration-ms="62" started-at="2016-05-11T09:30:52Z" finished-at="2016-05-11T09:30:52Z">
      <class name="com.pca.test.Supervisor">
        <test-method status="FAIL" signature="setUp()[pri:0, instance:com.pca.test.Supervisor@70c64bc2]" name="setUp" is-config="true" duration-ms="0" started-at="2016-05-11T15:00:52Z" finished-at="2016-05-11T15:00:52Z">
          <exception class="java.lang.NoClassDefFoundError">
            <message>
              <![CDATA[org/apache/ws/commons/serialize/DOMSerializer]]>
            </message>
            <full-stacktrace>
              <![CDATA[java.lang.NoClassDefFoundError: org/apache/ws/commons/serialize/DOMSerializer
	at org.apache.xmlrpc.serializer.NodeSerializer.<clinit>(NodeSerializer.java:30)
	at org.apache.xmlrpc.common.TypeFactoryImpl.<clinit>(TypeFactoryImpl.java:88)
	at org.apache.xmlrpc.common.XmlRpcController.<init>(XmlRpcController.java:31)
	at org.apache.xmlrpc.client.XmlRpcClient.<init>(XmlRpcClient.java:51)
	at com.experitest.client.Client.init(Client.java:89)
	at com.experitest.client.Client.<init>(Client.java:68)
	at com.pca.test.Supervisor.setUp(Supervisor.java:21)
	at sun.reflect.NativeMethodAccessorImpl.invoke0(Native Method)
	at sun.reflect.NativeMethodAccessorImpl.invoke(Unknown Source)
	at sun.reflect.DelegatingMethodAccessorImpl.invoke(Unknown Source)
	at java.lang.reflect.Method.invoke(Unknown Source)
	at org.testng.internal.MethodInvocationHelper.invokeMethod(MethodInvocationHelper.java:85)
	at org.testng.internal.Invoker.invokeConfigurationMethod(Invoker.java:515)
	at org.testng.internal.Invoker.invokeConfigurations(Invoker.java:213)
	at org.testng.internal.Invoker.invokeConfigurations(Invoker.java:140)
	at org.testng.TestRunner.beforeRun(TestRunner.java:645)
	at org.testng.TestRunner.run(TestRunner.java:613)
	at org.testng.SuiteRunner.runTest(SuiteRunner.java:357)
	at org.testng.SuiteRunner.runSequentially(SuiteRunner.java:352)
	at org.testng.SuiteRunner.privateRun(SuiteRunner.java:310)
	at org.testng.SuiteRunner.run(SuiteRunner.java:259)
	at org.testng.SuiteRunnerWorker.runSuite(SuiteRunnerWorker.java:52)
	at org.testng.SuiteRunnerWorker.run(SuiteRunnerWorker.java:86)
	at org.testng.TestNG.runSuitesSequentially(TestNG.java:1176)
	at org.testng.TestNG.runSuitesLocally(TestNG.java:1101)
	at org.testng.TestNG.run(TestNG.java:1009)
	at org.testng.remote.RemoteTestNG.run(RemoteTestNG.java:111)
	at org.testng.remote.RemoteTestNG.initAndRun(RemoteTestNG.java:204)
	at org.testng.remote.RemoteTestNG.main(RemoteTestNG.java:175)
Caused by: java.lang.ClassNotFoundException: org.apache.ws.commons.serialize.DOMSerializer
	at java.net.URLClassLoader$1.run(Unknown Source)
	at java.net.URLClassLoader$1.run(Unknown Source)
	at java.security.AccessController.doPrivileged(Native Method)
	at java.net.URLClassLoader.findClass(Unknown Source)
	at java.lang.ClassLoader.loadClass(Unknown Source)
	at sun.misc.Launcher$AppClassLoader.loadClass(Unknown Source)
	at java.lang.ClassLoader.loadClass(Unknown Source)
	... 29 more
]]>
            </full-stacktrace>
          </exception> <!-- java.lang.NoClassDefFoundError -->
          <reporter-output>
          </reporter-output>
        </test-method> <!-- setUp -->
        <test-method status="SKIP" signature="SuperlogIn()[pri:0, instance:com.pca.test.Supervisor@70c64bc2]" name="SuperlogIn" duration-ms="8" started-at="2016-05-11T15:00:52Z" finished-at="2016-05-11T15:00:52Z">
          <reporter-output>
          </reporter-output>
        </test-method> <!-- SuperlogIn -->
      </class> <!-- com.pca.test.Supervisor -->
    </test> <!-- Default test -->
  </suite> <!-- Default suite -->
</testng-results>
